2025-03-24T00:16:42.353-03:00  INFO 21268 --- [Lavalink] [main] lavalink.server.Launcher                 : Starting Launcher v4.0.8 using Java 23.0.2 with PID 21268 (C:\Users\leron\IdeaProjects\DiscordMusicBot\Lava\Lavalink.jar started by leron in C:\Users\leron\IdeaProjects\DiscordMusicBot\Lava)
2025-03-24T00:16:42.369-03:00  INFO 21268 --- [Lavalink] [main] lavalink.server.Launcher                 : No active profile set, falling back to 1 default profile: "default"
2025-03-24T00:16:43.414-03:00  INFO 21268 --- [Lavalink] [main] l.server.bootstrap.PluginManager         : Loaded youtube-plugin-1.11.5.jar (16 classes)
2025-03-24T00:16:43.632-03:00  INFO 21268 --- [Lavalink] [main] lavalink.server.Launcher                 : Started Launcher in 1.847 seconds (process running for 2.37)
2025-03-24T00:16:43.707-03:00  INFO 21268 --- [Lavalink] [main] lavalink.server.Launcher                 : 

[32m       .  [31m _                  _ _       _    [32m__ _ _
[32m      /\\ [31m| | __ ___   ____ _| (_)_ __ | | __[32m\ \ \ \
[32m     ( ( )[31m| |/ _` \ \ / / _` | | | '_ \| |/ /[32m \ \ \ \
[32m      \\/ [31m| | (_| |\ V / (_| | | | | | |   < [32m  ) ) ) )
[32m       '  [31m|_|\__,_| \_/ \__,_|_|_|_| |_|_|\_\[32m / / / /
[0m    =========================================[32m/_/_/_/[0m

	Version:        4.0.8
	Build time:     20.09.2024 20:20:10 UTC
	Branch          HEAD
	Commit:         2946608
	Commit time:    20.09.2024 20:17:58 UTC
	JVM:            23.0.2
	Lavaplayer      2.2.2

2025-03-24T00:16:43.715-03:00  INFO 21268 --- [Lavalink] [main] lavalink.server.Launcher                 : No active profile set, falling back to 1 default profile: "default"
2025-03-24T00:16:44.401-03:00  WARN 21268 --- [Lavalink] [main] io.undertow.websockets.jsr               : UT026010: Buffer pool was not set on WebSocketDeploymentInfo, the default pool will be used
2025-03-24T00:16:44.423-03:00  INFO 21268 --- [Lavalink] [main] io.undertow.servlet                      : Initializing Spring embedded WebApplicationContext
2025-03-24T00:16:44.424-03:00  INFO 21268 --- [Lavalink] [main] w.s.c.ServletWebServerApplicationContext : Root WebApplicationContext: initialization completed in 702 ms
2025-03-24T00:16:45.635-03:00  INFO 21268 --- [Lavalink] [main] c.s.d.l.tools.GarbageCollectionMonitor   : GC monitoring enabled, reporting results every 2 minutes.
2025-03-24T00:16:45.884-03:00  WARN 21268 --- [Lavalink] [main] d.l.youtube.plugin.YoutubePluginLoader   : youtubeConfig missing or 'clients' was not specified, default values will be used.
2025-03-24T00:16:45.903-03:00  WARN 21268 --- [Lavalink] [main] d.l.youtube.plugin.ClientProvider        : Failed to resolve ANDROID_TESTSUITE into a Client
2025-03-24T00:16:45.917-03:00  INFO 21268 --- [Lavalink] [main] d.l.youtube.plugin.YoutubePluginLoader   : YouTube source initialised with clients: WEB_REMIX, WEB, TVHTML5_SIMPLY_EMBEDDED_PLAYER 
2025-03-24T00:16:46.078-03:00  INFO 21268 --- [Lavalink] [main] l.server.config.KoeConfiguration         : OS: WINDOWS, Arch: X86_64
2025-03-24T00:16:46.079-03:00  INFO 21268 --- [Lavalink] [main] l.server.config.KoeConfiguration         : Enabling JDA-NAS
2025-03-24T00:16:46.082-03:00  INFO 21268 --- [Lavalink] [main] c.s.l.c.natives.NativeLibraryLoader      : Native library udpqueue: loading with filter null
2025-03-24T00:16:46.089-03:00  INFO 21268 --- [Lavalink] [main] c.s.l.c.natives.NativeLibraryLoader      : Native library udpqueue: successfully loaded.
2025-03-24T00:16:46.117-03:00  WARN 21268 --- [Lavalink] [main] l.server.config.SentryConfiguration      : Turning off sentry
2025-03-24T00:16:46.427-03:00  INFO 21268 --- [Lavalink] [main] io.undertow                              : starting server: Undertow - 2.3.13.Final
2025-03-24T00:16:46.444-03:00  INFO 21268 --- [Lavalink] [main] org.xnio                                 : XNIO version 3.8.8.Final
2025-03-24T00:16:46.453-03:00  INFO 21268 --- [Lavalink] [main] org.xnio.nio                             : XNIO NIO Implementation Version 3.8.8.Final
2025-03-24T00:16:46.552-03:00  INFO 21268 --- [Lavalink] [main] org.jboss.threads                        : JBoss Threads version 3.5.0.Final
2025-03-24T00:16:46.629-03:00  INFO 21268 --- [Lavalink] [main] o.s.b.w.e.undertow.UndertowWebServer     : Undertow started on port 2333 (http) with context path '/'
2025-03-24T00:16:46.634-03:00  INFO 21268 --- [Lavalink] [main] lavalink.server.Launcher                 : Started Launcher in 2.994 seconds (process running for 5.372)
2025-03-24T00:16:46.635-03:00  INFO 21268 --- [Lavalink] [main] lavalink.server.Launcher                 : Lavalink is ready to accept connections.
2025-03-24T00:16:53.688-03:00  INFO 21268 --- [Lavalink] [XNIO-1 task-2] io.undertow.servlet                      : Initializing Spring DispatcherServlet 'dispatcherServlet'
2025-03-24T00:16:53.688-03:00  INFO 21268 --- [Lavalink] [XNIO-1 task-2] o.s.web.servlet.DispatcherServlet        : Initializing Servlet 'dispatcherServlet'
2025-03-24T00:16:53.690-03:00  INFO 21268 --- [Lavalink] [XNIO-1 task-2] o.s.web.servlet.DispatcherServlet        : Completed initialization in 1 ms
2025-03-24T00:16:53.776-03:00  WARN 21268 --- [Lavalink] [XNIO-1 task-2] lavalink.server.config.WebsocketConfig   : This is the old Lavalink websocket endpoint. Please use /v4/websocket instead. If you are using a client library, please update it to a Lavalink v4 compatible version or use Lavalink v3 instead.
2025-03-24T00:16:53.795-03:00  INFO 21268 --- [Lavalink] [XNIO-1 task-2] l.server.io.RequestLoggingFilter         : GET /
2025-03-24T00:16:54.085-03:00  WARN 21268 --- [Lavalink] [XNIO-1 task-2] lavalink.server.config.WebsocketConfig   : This is the old Lavalink websocket endpoint. Please use /v4/websocket instead. If you are using a client library, please update it to a Lavalink v4 compatible version or use Lavalink v3 instead.
2025-03-24T00:16:54.086-03:00  INFO 21268 --- [Lavalink] [XNIO-1 task-2] l.server.io.RequestLoggingFilter         : GET /
2025-03-24T00:16:54.594-03:00  WARN 21268 --- [Lavalink] [XNIO-1 task-2] lavalink.server.config.WebsocketConfig   : This is the old Lavalink websocket endpoint. Please use /v4/websocket instead. If you are using a client library, please update it to a Lavalink v4 compatible version or use Lavalink v3 instead.
2025-03-24T00:16:54.595-03:00  INFO 21268 --- [Lavalink] [XNIO-1 task-2] l.server.io.RequestLoggingFilter         : GET /
2025-03-24T00:16:56.639-03:00  WARN 21268 --- [Lavalink] [XNIO-1 task-2] lavalink.server.config.WebsocketConfig   : This is the old Lavalink websocket endpoint. Please use /v4/websocket instead. If you are using a client library, please update it to a Lavalink v4 compatible version or use Lavalink v3 instead.
2025-03-24T00:16:56.640-03:00  INFO 21268 --- [Lavalink] [XNIO-1 task-2] l.server.io.RequestLoggingFilter         : GET /
2025-03-24T00:17:00.728-03:00  WARN 21268 --- [Lavalink] [XNIO-1 task-2] lavalink.server.config.WebsocketConfig   : This is the old Lavalink websocket endpoint. Please use /v4/websocket instead. If you are using a client library, please update it to a Lavalink v4 compatible version or use Lavalink v3 instead.
2025-03-24T00:17:00.729-03:00  INFO 21268 --- [Lavalink] [XNIO-1 task-2] l.server.io.RequestLoggingFilter         : GET /
2025-03-24T00:17:06.824-03:00  WARN 21268 --- [Lavalink] [XNIO-1 task-2] lavalink.server.config.WebsocketConfig   : This is the old Lavalink websocket endpoint. Please use /v4/websocket instead. If you are using a client library, please update it to a Lavalink v4 compatible version or use Lavalink v3 instead.
2025-03-24T00:17:06.824-03:00  INFO 21268 --- [Lavalink] [XNIO-1 task-2] l.server.io.RequestLoggingFilter         : GET /
2025-03-24T00:17:14.973-03:00  WARN 21268 --- [Lavalink] [XNIO-1 task-2] lavalink.server.config.WebsocketConfig   : This is the old Lavalink websocket endpoint. Please use /v4/websocket instead. If you are using a client library, please update it to a Lavalink v4 compatible version or use Lavalink v3 instead.
2025-03-24T00:17:14.974-03:00  INFO 21268 --- [Lavalink] [XNIO-1 task-2] l.server.io.RequestLoggingFilter         : GET /
2025-03-24T00:17:25.187-03:00  WARN 21268 --- [Lavalink] [XNIO-1 task-2] lavalink.server.config.WebsocketConfig   : This is the old Lavalink websocket endpoint. Please use /v4/websocket instead. If you are using a client library, please update it to a Lavalink v4 compatible version or use Lavalink v3 instead.
2025-03-24T00:17:25.187-03:00  INFO 21268 --- [Lavalink] [XNIO-1 task-2] l.server.io.RequestLoggingFilter         : GET /
2025-03-24T00:17:30.686-03:00  INFO 21268 --- [Lavalink] [SpringApplicationShutdownHook] io.undertow                              : stopping server: Undertow - 2.3.13.Final
2025-03-24T00:17:30.689-03:00  INFO 21268 --- [Lavalink] [SpringApplicationShutdownHook] io.undertow.servlet                      : Destroying Spring FrameworkServlet 'dispatcherServlet'
2025-03-24T00:17:30.691-03:00  INFO 21268 --- [Lavalink] [SpringApplicationShutdownHook] c.s.d.l.tools.GarbageCollectionMonitor   : GC monitoring disabled.
2025-03-24T00:21:13.392-03:00  INFO 19592 --- [Lavalink] [main] lavalink.server.Launcher                 : Starting Launcher v4.0.8 using Java 23.0.2 with PID 19592 (C:\Users\leron\IdeaProjects\DiscordMusicBot\Lava\Lavalink.jar started by leron in C:\Users\leron\IdeaProjects\DiscordMusicBot\Lava)
2025-03-24T00:21:13.398-03:00  INFO 19592 --- [Lavalink] [main] lavalink.server.Launcher                 : No active profile set, falling back to 1 default profile: "default"
2025-03-24T00:21:14.321-03:00  INFO 19592 --- [Lavalink] [main] l.server.bootstrap.PluginManager         : Loaded youtube-plugin-1.11.5.jar (16 classes)
2025-03-24T00:21:14.532-03:00  INFO 19592 --- [Lavalink] [main] lavalink.server.Launcher                 : Started Launcher in 1.712 seconds (process running for 2.339)
2025-03-24T00:21:14.605-03:00  INFO 19592 --- [Lavalink] [main] lavalink.server.Launcher                 : 

[32m       .  [31m _                  _ _       _    [32m__ _ _
[32m      /\\ [31m| | __ ___   ____ _| (_)_ __ | | __[32m\ \ \ \
[32m     ( ( )[31m| |/ _` \ \ / / _` | | | '_ \| |/ /[32m \ \ \ \
[32m      \\/ [31m| | (_| |\ V / (_| | | | | | |   < [32m  ) ) ) )
[32m       '  [31m|_|\__,_| \_/ \__,_|_|_|_| |_|_|\_\[32m / / / /
[0m    =========================================[32m/_/_/_/[0m

	Version:        4.0.8
	Build time:     20.09.2024 20:20:10 UTC
	Branch          HEAD
	Commit:         2946608
	Commit time:    20.09.2024 20:17:58 UTC
	JVM:            23.0.2
	Lavaplayer      2.2.2

2025-03-24T00:21:14.616-03:00  INFO 19592 --- [Lavalink] [main] lavalink.server.Launcher                 : No active profile set, falling back to 1 default profile: "default"
2025-03-24T00:21:15.292-03:00  WARN 19592 --- [Lavalink] [main] io.undertow.websockets.jsr               : UT026010: Buffer pool was not set on WebSocketDeploymentInfo, the default pool will be used
2025-03-24T00:21:15.313-03:00  INFO 19592 --- [Lavalink] [main] io.undertow.servlet                      : Initializing Spring embedded WebApplicationContext
2025-03-24T00:21:15.313-03:00  INFO 19592 --- [Lavalink] [main] w.s.c.ServletWebServerApplicationContext : Root WebApplicationContext: initialization completed in 692 ms
2025-03-24T00:21:16.341-03:00  INFO 19592 --- [Lavalink] [main] c.s.d.l.tools.GarbageCollectionMonitor   : GC monitoring enabled, reporting results every 2 minutes.
2025-03-24T00:21:16.574-03:00  WARN 19592 --- [Lavalink] [main] d.l.youtube.plugin.YoutubePluginLoader   : youtubeConfig missing or 'clients' was not specified, default values will be used.
2025-03-24T00:21:16.599-03:00  WARN 19592 --- [Lavalink] [main] d.l.youtube.plugin.ClientProvider        : Failed to resolve ANDROID_TESTSUITE into a Client
2025-03-24T00:21:16.612-03:00  INFO 19592 --- [Lavalink] [main] d.l.youtube.plugin.YoutubePluginLoader   : YouTube source initialised with clients: WEB_REMIX, WEB, TVHTML5_SIMPLY_EMBEDDED_PLAYER 
2025-03-24T00:21:16.766-03:00  INFO 19592 --- [Lavalink] [main] l.server.config.KoeConfiguration         : OS: WINDOWS, Arch: X86_64
2025-03-24T00:21:16.767-03:00  INFO 19592 --- [Lavalink] [main] l.server.config.KoeConfiguration         : Enabling JDA-NAS
2025-03-24T00:21:16.770-03:00  INFO 19592 --- [Lavalink] [main] c.s.l.c.natives.NativeLibraryLoader      : Native library udpqueue: loading with filter null
2025-03-24T00:21:16.776-03:00  INFO 19592 --- [Lavalink] [main] c.s.l.c.natives.NativeLibraryLoader      : Native library udpqueue: successfully loaded.
2025-03-24T00:21:16.809-03:00  WARN 19592 --- [Lavalink] [main] l.server.config.SentryConfiguration      : Turning off sentry
2025-03-24T00:21:17.134-03:00  INFO 19592 --- [Lavalink] [main] io.undertow                              : starting server: Undertow - 2.3.13.Final
2025-03-24T00:21:17.143-03:00  INFO 19592 --- [Lavalink] [main] org.xnio                                 : XNIO version 3.8.8.Final
2025-03-24T00:21:17.152-03:00  INFO 19592 --- [Lavalink] [main] org.xnio.nio                             : XNIO NIO Implementation Version 3.8.8.Final
2025-03-24T00:21:17.251-03:00  INFO 19592 --- [Lavalink] [main] org.jboss.threads                        : JBoss Threads version 3.5.0.Final
2025-03-24T00:21:17.333-03:00  INFO 19592 --- [Lavalink] [main] o.s.b.w.e.undertow.UndertowWebServer     : Undertow started on port 2333 (http) with context path '/'
2025-03-24T00:21:17.338-03:00  INFO 19592 --- [Lavalink] [main] lavalink.server.Launcher                 : Started Launcher in 2.798 seconds (process running for 5.146)
2025-03-24T00:21:17.339-03:00  INFO 19592 --- [Lavalink] [main] lavalink.server.Launcher                 : Lavalink is ready to accept connections.
2025-03-24T00:21:19.532-03:00  INFO 19592 --- [Lavalink] [XNIO-1 task-2] io.undertow.servlet                      : Initializing Spring DispatcherServlet 'dispatcherServlet'
2025-03-24T00:21:19.533-03:00  INFO 19592 --- [Lavalink] [XNIO-1 task-2] o.s.web.servlet.DispatcherServlet        : Initializing Servlet 'dispatcherServlet'
2025-03-24T00:21:19.534-03:00  INFO 19592 --- [Lavalink] [XNIO-1 task-2] o.s.web.servlet.DispatcherServlet        : Completed initialization in 1 ms
2025-03-24T00:21:19.553-03:00  WARN 19592 --- [Lavalink] [XNIO-1 task-2] l.s.config.RequestAuthorizationFilter    : Authorization missing for 0:0:0:0:0:0:0:1 on GET /
2025-03-24T00:21:19.554-03:00  INFO 19592 --- [Lavalink] [XNIO-1 task-2] l.server.io.RequestLoggingFilter         : GET /
2025-03-24T00:21:33.573-03:00  INFO 19592 --- [Lavalink] [SpringApplicationShutdownHook] io.undertow                              : stopping server: Undertow - 2.3.13.Final
2025-03-24T00:21:33.576-03:00  INFO 19592 --- [Lavalink] [SpringApplicationShutdownHook] io.undertow.servlet                      : Destroying Spring FrameworkServlet 'dispatcherServlet'
2025-03-24T00:21:33.578-03:00  INFO 19592 --- [Lavalink] [SpringApplicationShutdownHook] c.s.d.l.tools.GarbageCollectionMonitor   : GC monitoring disabled.
2025-03-24T00:33:37.196-03:00  INFO 10964 --- [Lavalink] [main] lavalink.server.Launcher                 : Starting Launcher v4.0.8 using Java 23.0.2 with PID 10964 (C:\Users\leron\IdeaProjects\DiscordMusicBot\Lava\Lavalink.jar started by leron in C:\Users\leron\IdeaProjects\DiscordMusicBot\Lava)
2025-03-24T00:33:37.201-03:00  INFO 10964 --- [Lavalink] [main] lavalink.server.Launcher                 : No active profile set, falling back to 1 default profile: "default"
2025-03-24T00:33:38.128-03:00  INFO 10964 --- [Lavalink] [main] l.server.bootstrap.PluginManager         : Loaded youtube-plugin-1.11.5.jar (16 classes)
2025-03-24T00:33:38.337-03:00  INFO 10964 --- [Lavalink] [main] lavalink.server.Launcher                 : Started Launcher in 1.645 seconds (process running for 2.256)
2025-03-24T00:33:38.407-03:00  INFO 10964 --- [Lavalink] [main] lavalink.server.Launcher                 : 

[32m       .  [31m _                  _ _       _    [32m__ _ _
[32m      /\\ [31m| | __ ___   ____ _| (_)_ __ | | __[32m\ \ \ \
[32m     ( ( )[31m| |/ _` \ \ / / _` | | | '_ \| |/ /[32m \ \ \ \
[32m      \\/ [31m| | (_| |\ V / (_| | | | | | |   < [32m  ) ) ) )
[32m       '  [31m|_|\__,_| \_/ \__,_|_|_|_| |_|_|\_\[32m / / / /
[0m    =========================================[32m/_/_/_/[0m

	Version:        4.0.8
	Build time:     20.09.2024 20:20:10 UTC
	Branch          HEAD
	Commit:         2946608
	Commit time:    20.09.2024 20:17:58 UTC
	JVM:            23.0.2
	Lavaplayer      2.2.2

2025-03-24T00:33:38.418-03:00  INFO 10964 --- [Lavalink] [main] lavalink.server.Launcher                 : No active profile set, falling back to 1 default profile: "default"
2025-03-24T00:33:39.103-03:00  WARN 10964 --- [Lavalink] [main] io.undertow.websockets.jsr               : UT026010: Buffer pool was not set on WebSocketDeploymentInfo, the default pool will be used
2025-03-24T00:33:39.127-03:00  INFO 10964 --- [Lavalink] [main] io.undertow.servlet                      : Initializing Spring embedded WebApplicationContext
2025-03-24T00:33:39.127-03:00  INFO 10964 --- [Lavalink] [main] w.s.c.ServletWebServerApplicationContext : Root WebApplicationContext: initialization completed in 701 ms
2025-03-24T00:33:40.201-03:00  INFO 10964 --- [Lavalink] [main] c.s.d.l.tools.GarbageCollectionMonitor   : GC monitoring enabled, reporting results every 2 minutes.
2025-03-24T00:33:40.446-03:00  WARN 10964 --- [Lavalink] [main] d.l.youtube.plugin.YoutubePluginLoader   : youtubeConfig missing or 'clients' was not specified, default values will be used.
2025-03-24T00:33:40.474-03:00  WARN 10964 --- [Lavalink] [main] d.l.youtube.plugin.ClientProvider        : Failed to resolve ANDROID_TESTSUITE into a Client
2025-03-24T00:33:40.487-03:00  INFO 10964 --- [Lavalink] [main] d.l.youtube.plugin.YoutubePluginLoader   : YouTube source initialised with clients: WEB_REMIX, WEB, TVHTML5_SIMPLY_EMBEDDED_PLAYER 
2025-03-24T00:33:40.641-03:00  INFO 10964 --- [Lavalink] [main] l.server.config.KoeConfiguration         : OS: WINDOWS, Arch: X86_64
2025-03-24T00:33:40.642-03:00  INFO 10964 --- [Lavalink] [main] l.server.config.KoeConfiguration         : Enabling JDA-NAS
2025-03-24T00:33:40.647-03:00  INFO 10964 --- [Lavalink] [main] c.s.l.c.natives.NativeLibraryLoader      : Native library udpqueue: loading with filter null
2025-03-24T00:33:40.657-03:00  INFO 10964 --- [Lavalink] [main] c.s.l.c.natives.NativeLibraryLoader      : Native library udpqueue: successfully loaded.
2025-03-24T00:33:40.689-03:00  WARN 10964 --- [Lavalink] [main] l.server.config.SentryConfiguration      : Turning off sentry
2025-03-24T00:33:40.985-03:00  INFO 10964 --- [Lavalink] [main] io.undertow                              : starting server: Undertow - 2.3.13.Final
2025-03-24T00:33:40.994-03:00  INFO 10964 --- [Lavalink] [main] org.xnio                                 : XNIO version 3.8.8.Final
2025-03-24T00:33:41.003-03:00  INFO 10964 --- [Lavalink] [main] org.xnio.nio                             : XNIO NIO Implementation Version 3.8.8.Final
2025-03-24T00:33:41.109-03:00  INFO 10964 --- [Lavalink] [main] org.jboss.threads                        : JBoss Threads version 3.5.0.Final
2025-03-24T00:33:41.195-03:00  INFO 10964 --- [Lavalink] [main] o.s.b.w.e.undertow.UndertowWebServer     : Undertow started on port 2333 (http) with context path '/'
2025-03-24T00:33:41.201-03:00  INFO 10964 --- [Lavalink] [main] lavalink.server.Launcher                 : Started Launcher in 2.855 seconds (process running for 5.12)
2025-03-24T00:33:41.202-03:00  INFO 10964 --- [Lavalink] [main] lavalink.server.Launcher                 : Lavalink is ready to accept connections.
2025-03-24T00:35:07.228-03:00  INFO 10964 --- [Lavalink] [XNIO-1 task-2] io.undertow.servlet                      : Initializing Spring DispatcherServlet 'dispatcherServlet'
2025-03-24T00:35:07.229-03:00  INFO 10964 --- [Lavalink] [XNIO-1 task-2] o.s.web.servlet.DispatcherServlet        : Initializing Servlet 'dispatcherServlet'
2025-03-24T00:35:07.230-03:00  INFO 10964 --- [Lavalink] [XNIO-1 task-2] o.s.web.servlet.DispatcherServlet        : Completed initialization in 1 ms
2025-03-24T00:35:07.309-03:00  WARN 10964 --- [Lavalink] [XNIO-1 task-2] lavalink.server.config.WebsocketConfig   : This is the old Lavalink websocket endpoint. Please use /v4/websocket instead. If you are using a client library, please update it to a Lavalink v4 compatible version or use Lavalink v3 instead.
2025-03-24T00:35:07.328-03:00  INFO 10964 --- [Lavalink] [XNIO-1 task-2] l.server.io.RequestLoggingFilter         : GET /
2025-03-24T00:35:07.633-03:00  WARN 10964 --- [Lavalink] [XNIO-1 task-2] lavalink.server.config.WebsocketConfig   : This is the old Lavalink websocket endpoint. Please use /v4/websocket instead. If you are using a client library, please update it to a Lavalink v4 compatible version or use Lavalink v3 instead.
2025-03-24T00:35:07.635-03:00  INFO 10964 --- [Lavalink] [XNIO-1 task-2] l.server.io.RequestLoggingFilter         : GET /
2025-03-24T00:35:08.146-03:00  WARN 10964 --- [Lavalink] [XNIO-1 task-2] lavalink.server.config.WebsocketConfig   : This is the old Lavalink websocket endpoint. Please use /v4/websocket instead. If you are using a client library, please update it to a Lavalink v4 compatible version or use Lavalink v3 instead.
2025-03-24T00:35:08.147-03:00  INFO 10964 --- [Lavalink] [XNIO-1 task-2] l.server.io.RequestLoggingFilter         : GET /
2025-03-24T00:35:10.198-03:00  WARN 10964 --- [Lavalink] [XNIO-1 task-2] lavalink.server.config.WebsocketConfig   : This is the old Lavalink websocket endpoint. Please use /v4/websocket instead. If you are using a client library, please update it to a Lavalink v4 compatible version or use Lavalink v3 instead.
2025-03-24T00:35:10.198-03:00  INFO 10964 --- [Lavalink] [XNIO-1 task-2] l.server.io.RequestLoggingFilter         : GET /
2025-03-24T00:35:23.435-03:00  INFO 10964 --- [Lavalink] [SpringApplicationShutdownHook] io.undertow                              : stopping server: Undertow - 2.3.13.Final
2025-03-24T00:35:23.438-03:00  INFO 10964 --- [Lavalink] [SpringApplicationShutdownHook] io.undertow.servlet                      : Destroying Spring FrameworkServlet 'dispatcherServlet'
2025-03-24T00:35:23.440-03:00  INFO 10964 --- [Lavalink] [SpringApplicationShutdownHook] c.s.d.l.tools.GarbageCollectionMonitor   : GC monitoring disabled.
2025-03-24T00:35:25.777-03:00  INFO 9352 --- [Lavalink] [main] lavalink.server.Launcher                 : Starting Launcher v4.0.8 using Java 23.0.2 with PID 9352 (C:\Users\leron\IdeaProjects\DiscordMusicBot\Lava\Lavalink.jar started by leron in C:\Users\leron\IdeaProjects\DiscordMusicBot\Lava)
2025-03-24T00:35:25.782-03:00  INFO 9352 --- [Lavalink] [main] lavalink.server.Launcher                 : No active profile set, falling back to 1 default profile: "default"
2025-03-24T00:35:26.708-03:00  INFO 9352 --- [Lavalink] [main] l.server.bootstrap.PluginManager         : Loaded youtube-plugin-1.11.5.jar (16 classes)
2025-03-24T00:35:26.947-03:00  INFO 9352 --- [Lavalink] [main] lavalink.server.Launcher                 : Started Launcher in 1.678 seconds (process running for 2.194)
2025-03-24T00:35:27.023-03:00  INFO 9352 --- [Lavalink] [main] lavalink.server.Launcher                 : 

[32m       .  [31m _                  _ _       _    [32m__ _ _
[32m      /\\ [31m| | __ ___   ____ _| (_)_ __ | | __[32m\ \ \ \
[32m     ( ( )[31m| |/ _` \ \ / / _` | | | '_ \| |/ /[32m \ \ \ \
[32m      \\/ [31m| | (_| |\ V / (_| | | | | | |   < [32m  ) ) ) )
[32m       '  [31m|_|\__,_| \_/ \__,_|_|_|_| |_|_|\_\[32m / / / /
[0m    =========================================[32m/_/_/_/[0m

	Version:        4.0.8
	Build time:     20.09.2024 20:20:10 UTC
	Branch          HEAD
	Commit:         2946608
	Commit time:    20.09.2024 20:17:58 UTC
	JVM:            23.0.2
	Lavaplayer      2.2.2

2025-03-24T00:35:27.034-03:00  INFO 9352 --- [Lavalink] [main] lavalink.server.Launcher                 : No active profile set, falling back to 1 default profile: "default"
2025-03-24T00:35:27.763-03:00  WARN 9352 --- [Lavalink] [main] io.undertow.websockets.jsr               : UT026010: Buffer pool was not set on WebSocketDeploymentInfo, the default pool will be used
2025-03-24T00:35:27.794-03:00  INFO 9352 --- [Lavalink] [main] io.undertow.servlet                      : Initializing Spring embedded WebApplicationContext
2025-03-24T00:35:27.794-03:00  INFO 9352 --- [Lavalink] [main] w.s.c.ServletWebServerApplicationContext : Root WebApplicationContext: initialization completed in 752 ms
2025-03-24T00:35:28.942-03:00  INFO 9352 --- [Lavalink] [main] c.s.d.l.tools.GarbageCollectionMonitor   : GC monitoring enabled, reporting results every 2 minutes.
2025-03-24T00:35:29.246-03:00  WARN 9352 --- [Lavalink] [main] d.l.youtube.plugin.YoutubePluginLoader   : youtubeConfig missing or 'clients' was not specified, default values will be used.
2025-03-24T00:35:29.272-03:00  WARN 9352 --- [Lavalink] [main] d.l.youtube.plugin.ClientProvider        : Failed to resolve ANDROID_TESTSUITE into a Client
2025-03-24T00:35:29.287-03:00  INFO 9352 --- [Lavalink] [main] d.l.youtube.plugin.YoutubePluginLoader   : YouTube source initialised with clients: WEB_REMIX, WEB, TVHTML5_SIMPLY_EMBEDDED_PLAYER 
2025-03-24T00:35:29.453-03:00  INFO 9352 --- [Lavalink] [main] l.server.config.KoeConfiguration         : OS: WINDOWS, Arch: X86_64
2025-03-24T00:35:29.453-03:00  INFO 9352 --- [Lavalink] [main] l.server.config.KoeConfiguration         : Enabling JDA-NAS
2025-03-24T00:35:29.458-03:00  INFO 9352 --- [Lavalink] [main] c.s.l.c.natives.NativeLibraryLoader      : Native library udpqueue: loading with filter null
2025-03-24T00:35:29.465-03:00  INFO 9352 --- [Lavalink] [main] c.s.l.c.natives.NativeLibraryLoader      : Native library udpqueue: successfully loaded.
2025-03-24T00:35:29.498-03:00  WARN 9352 --- [Lavalink] [main] l.server.config.SentryConfiguration      : Turning off sentry
2025-03-24T00:35:29.826-03:00  INFO 9352 --- [Lavalink] [main] io.undertow                              : starting server: Undertow - 2.3.13.Final
2025-03-24T00:35:29.835-03:00  INFO 9352 --- [Lavalink] [main] org.xnio                                 : XNIO version 3.8.8.Final
2025-03-24T00:35:29.844-03:00  INFO 9352 --- [Lavalink] [main] org.xnio.nio                             : XNIO NIO Implementation Version 3.8.8.Final
2025-03-24T00:35:29.947-03:00  INFO 9352 --- [Lavalink] [main] org.jboss.threads                        : JBoss Threads version 3.5.0.Final
2025-03-24T00:35:30.029-03:00  INFO 9352 --- [Lavalink] [main] o.s.b.w.e.undertow.UndertowWebServer     : Undertow started on port 2333 (http) with context path '/'
2025-03-24T00:35:30.034-03:00  INFO 9352 --- [Lavalink] [main] lavalink.server.Launcher                 : Started Launcher in 3.077 seconds (process running for 5.281)
2025-03-24T00:35:30.035-03:00  INFO 9352 --- [Lavalink] [main] lavalink.server.Launcher                 : Lavalink is ready to accept connections.
2025-03-24T00:35:35.401-03:00  INFO 9352 --- [Lavalink] [XNIO-1 task-2] io.undertow.servlet                      : Initializing Spring DispatcherServlet 'dispatcherServlet'
2025-03-24T00:35:35.401-03:00  INFO 9352 --- [Lavalink] [XNIO-1 task-2] o.s.web.servlet.DispatcherServlet        : Initializing Servlet 'dispatcherServlet'
2025-03-24T00:35:35.402-03:00  INFO 9352 --- [Lavalink] [XNIO-1 task-2] o.s.web.servlet.DispatcherServlet        : Completed initialization in 1 ms
2025-03-24T00:35:35.481-03:00  WARN 9352 --- [Lavalink] [XNIO-1 task-2] lavalink.server.config.WebsocketConfig   : This is the old Lavalink websocket endpoint. Please use /v4/websocket instead. If you are using a client library, please update it to a Lavalink v4 compatible version or use Lavalink v3 instead.
2025-03-24T00:35:35.506-03:00  INFO 9352 --- [Lavalink] [XNIO-1 task-2] l.server.io.RequestLoggingFilter         : GET /
2025-03-24T00:35:35.796-03:00  WARN 9352 --- [Lavalink] [XNIO-1 task-2] lavalink.server.config.WebsocketConfig   : This is the old Lavalink websocket endpoint. Please use /v4/websocket instead. If you are using a client library, please update it to a Lavalink v4 compatible version or use Lavalink v3 instead.
2025-03-24T00:35:35.798-03:00  INFO 9352 --- [Lavalink] [XNIO-1 task-2] l.server.io.RequestLoggingFilter         : GET /
2025-03-24T00:35:36.307-03:00  WARN 9352 --- [Lavalink] [XNIO-1 task-2] lavalink.server.config.WebsocketConfig   : This is the old Lavalink websocket endpoint. Please use /v4/websocket instead. If you are using a client library, please update it to a Lavalink v4 compatible version or use Lavalink v3 instead.
2025-03-24T00:35:36.307-03:00  INFO 9352 --- [Lavalink] [XNIO-1 task-2] l.server.io.RequestLoggingFilter         : GET /
2025-03-24T00:35:38.340-03:00  WARN 9352 --- [Lavalink] [XNIO-1 task-2] lavalink.server.config.WebsocketConfig   : This is the old Lavalink websocket endpoint. Please use /v4/websocket instead. If you are using a client library, please update it to a Lavalink v4 compatible version or use Lavalink v3 instead.
2025-03-24T00:35:38.341-03:00  INFO 9352 --- [Lavalink] [XNIO-1 task-2] l.server.io.RequestLoggingFilter         : GET /
2025-03-24T00:35:42.417-03:00  WARN 9352 --- [Lavalink] [XNIO-1 task-2] lavalink.server.config.WebsocketConfig   : This is the old Lavalink websocket endpoint. Please use /v4/websocket instead. If you are using a client library, please update it to a Lavalink v4 compatible version or use Lavalink v3 instead.
2025-03-24T00:35:42.417-03:00  INFO 9352 --- [Lavalink] [XNIO-1 task-2] l.server.io.RequestLoggingFilter         : GET /
2025-03-24T00:35:48.560-03:00  WARN 9352 --- [Lavalink] [XNIO-1 task-2] lavalink.server.config.WebsocketConfig   : This is the old Lavalink websocket endpoint. Please use /v4/websocket instead. If you are using a client library, please update it to a Lavalink v4 compatible version or use Lavalink v3 instead.
2025-03-24T00:35:48.561-03:00  INFO 9352 --- [Lavalink] [XNIO-1 task-2] l.server.io.RequestLoggingFilter         : GET /
2025-03-24T00:53:39.532-03:00  INFO 9352 --- [Lavalink] [SpringApplicationShutdownHook] io.undertow                              : stopping server: Undertow - 2.3.13.Final
2025-03-24T00:53:39.534-03:00  INFO 9352 --- [Lavalink] [SpringApplicationShutdownHook] io.undertow.servlet                      : Destroying Spring FrameworkServlet 'dispatcherServlet'
2025-03-24T00:53:39.536-03:00  INFO 9352 --- [Lavalink] [SpringApplicationShutdownHook] c.s.d.l.tools.GarbageCollectionMonitor   : GC monitoring disabled.
